<?xml version="1.0" encoding="UTF-8"?>
<!-- Generated by org.testng.reporters.JUnitReportReporter -->
<testsuite skipped="0" hostname="LAPTOP-TGBMDVI2" name="test.Day2" tests="3" failures="0" timestamp="13 May 2018 17:50:10 GMT" time="0.019" errors="0">
  <testcase name="hometest" time="0.003" classname="test.Day2"/>
  <testcase name="hometest2" time="0.002" classname="test.Day2"/>
  <testcase name="home" time="0.014" classname="test.Day2"/>
</testsuite> <!-- test.Day2 -->
