<?xml version="1.0" encoding="UTF-8"?>
<!-- Generated by org.testng.reporters.JUnitReportReporter -->
<testsuite skipped="0" hostname="LAPTOP-TGBMDVI2" name="test.Day3" tests="3" failures="0" timestamp="13 May 2018 17:50:10 GMT" time="0.004" errors="0">
  <testcase name="car" time="0.002" classname="test.Day3"/>
  <testcase name="cartest2" time="0.001" classname="test.Day3"/>
  <testcase name="cartest" time="0.001" classname="test.Day3"/>
</testsuite> <!-- test.Day3 -->
