<?xml version="1.0" encoding="UTF-8"?>
<!-- Generated by org.testng.reporters.JUnitReportReporter -->
<testsuite skipped="0" hostname="LAPTOP-TGBMDVI2" name="test.Day1" tests="8" failures="0" timestamp="13 May 2018 17:50:10 GMT" time="0.014" errors="0">
  <testcase name="personaltest2" time="0.002" classname="test.Day1"/>
  <testcase name="weblogin" time="0.001" classname="test.Day1"/>
  <testcase name="mobilelogin" time="0.001" classname="test.Day1"/>
  <testcase name="personal" time="0.001" classname="test.Day1"/>
  <testcase name="personaltest" time="0.003" classname="test.Day1"/>
  <testcase name="apilogin" time="0.003" classname="test.Day1"/>
  <testcase name="apilogin" time="0.001" classname="test.Day1"/>
  <testcase name="apilogin" time="0.002" classname="test.Day1"/>
</testsuite> <!-- test.Day1 -->
